2020-04-08 21:34:38 +0000  Initial pipeline context: <IDEDistributionProcessingPipelineContext: 0x7f8ed8d3b380; archive(resolved)='<IDEArchive: 0x7f8ed8d051d0>', distributionTask(resolved)='2', distributionDestination(resolved)='1', distributionMethod(resolved)='<IDEDistributionMethodiOSAppStoreDistribution: 0x7f8eee7db550>', team(resolved)='<IDEProvisioningDisambiguatableBasicTeam: 0x7f8ef1c53ca0; teamID='2H26M947Q7', teamName='Sonia Lileo', teamType='Individual', username='edwin.lileo@icloud.com', isFreeProvisioningTeam='0'>'>
	Chain (12, self inclusive):
	<IDEDistributionProcessingPipelineContext: 0x7f8ed8d3b380; archive = '<IDEArchive: 0x7f8ed8d051d0>', distributionMethod='<IDEDistributionMethodiOSAppStoreDistribution: 0x7f8eee7db550>', team='<IDEProvisioningDisambiguatableBasicTeam: 0x7f8ef1c53ca0; teamID='2H26M947Q7', teamName='Sonia Lileo', teamType='Individual', username='edwin.lileo@icloud.com', isFreeProvisioningTeam='0'>'>
	<IDEDistributionProcessingPipelineContext: 0x7f8ed8a27340; archive = '<IDEArchive: 0x7f8ed8d051d0>', distributionMethod='<IDEDistributionMethodiOSAppStoreDistribution: 0x7f8eee7db550>', team='<IDEProvisioningDisambiguatableBasicTeam: 0x7f8ef1c53ca0; teamID='2H26M947Q7', teamName='Sonia Lileo', teamType='Individual', username='edwin.lileo@icloud.com', isFreeProvisioningTeam='0'>'>
	<IDEDistributionContext: 0x7f8ef27941b0; archive = '<IDEArchive: 0x7f8ed8d051d0>', distributionMethod='<IDEDistributionMethodiOSAppStoreDistribution: 0x7f8eee7db550>', team='<IDEProvisioningDisambiguatableBasicTeam: 0x7f8ef1c53ca0; teamID='2H26M947Q7', teamName='Sonia Lileo', teamType='Individual', username='edwin.lileo@icloud.com', isFreeProvisioningTeam='0'>'>
	<IDEDistributionContext: 0x7f8ee6caea60; archive = '<IDEArchive: 0x7f8ed8d051d0>', distributionMethod='<IDEDistributionMethodiOSAppStoreDistribution: 0x7f8eee7db550>', team='<IDEProvisioningDisambiguatableBasicTeam: 0x7f8ef1c53ca0; teamID='2H26M947Q7', teamName='Sonia Lileo', teamType='Individual', username='edwin.lileo@icloud.com', isFreeProvisioningTeam='0'>'>
	<IDEDistributionContext: 0x7f8ed8a63320; archive = '<IDEArchive: 0x7f8ed8d051d0>', distributionMethod='<IDEDistributionMethodiOSAppStoreDistribution: 0x7f8eee7db550>', team='<IDEProvisioningDisambiguatableBasicTeam: 0x7f8ef1c53ca0; teamID='2H26M947Q7', teamName='Sonia Lileo', teamType='Individual', username='edwin.lileo@icloud.com', isFreeProvisioningTeam='0'>'>
	<IDEDistributionContext: 0x7f8ef037bb30; archive = '<IDEArchive: 0x7f8ed8d051d0>', distributionMethod='<IDEDistributionMethodiOSAppStoreDistribution: 0x7f8eee7db550>', team='<IDEProvisioningDisambiguatableBasicTeam: 0x7f8ef1c53ca0; teamID='2H26M947Q7', teamName='Sonia Lileo', teamType='Individual', username='edwin.lileo@icloud.com', isFreeProvisioningTeam='0'>'>
	<IDEDistributionContext: 0x7f8ed88c8d90; archive = '<IDEArchive: 0x7f8ed8d051d0>', distributionMethod='<IDEDistributionMethodiOSAppStoreDistribution: 0x7f8eee7db550>', team='<IDEProvisioningDisambiguatableBasicTeam: 0x7f8ef1c53ca0; teamID='2H26M947Q7', teamName='Sonia Lileo', teamType='Individual', username='edwin.lileo@icloud.com', isFreeProvisioningTeam='0'>'>
	<IDEDistributionContext: 0x7f8ed88fb260; archive = '<IDEArchive: 0x7f8ed8d051d0>', distributionMethod='<IDEDistributionMethodiOSAppStoreDistribution: 0x7f8eee7db550>', team='<IDEProvisioningDisambiguatableBasicTeam: 0x7f8ef1c53ca0; teamID='2H26M947Q7', teamName='Sonia Lileo', teamType='Individual', username='edwin.lileo@icloud.com', isFreeProvisioningTeam='0'>'>
	<IDEDistributionContext: 0x7f8ef16b9790; archive = '<IDEArchive: 0x7f8ed8d051d0>', distributionMethod='<IDEDistributionMethodiOSAppStoreDistribution: 0x7f8eee7db550>', team='<IDEProvisioningDisambiguatableBasicTeam: 0x7f8ef1c53ca0; teamID='2H26M947Q7', teamName='Sonia Lileo', teamType='Individual', username='edwin.lileo@icloud.com', isFreeProvisioningTeam='0'>'>
	<IDEDistributionContext: 0x7f8eee554600; archive = '<IDEArchive: 0x7f8ed8d051d0>', distributionMethod='<IDEDistributionMethodiOSAppStoreDistribution: 0x7f8eee7db550>', team='(null)'>
	<IDEDistributionContext: 0x7f8ed8841cc0; archive = '<IDEArchive: 0x7f8ed8d051d0>', distributionMethod='<IDEDistributionMethodiOSAppStoreDistribution: 0x7f8eee7db550>', team='(null)'>
	<IDEDistributionContext: 0x7f8ef275a980; archive = '<IDEArchive: 0x7f8ed8d051d0>', distributionMethod='(null)', team='(null)'>
</IDEDistributionProcessingPipelineContext: 0x7f8ed8d3b380>
2020-04-08 21:34:38 +0000  Processing step: IDEDistributionCreateDestRootStep
2020-04-08 21:34:38 +0000  Processing step: IDEDistributionCopyItemStep
2020-04-08 21:34:38 +0000  Running /usr/bin/ditto '-V' '/Users/edwinlileo/Library/Developer/Xcode/Archives/2020-04-08/ClimateApp 2020-04-08, 23.34.xcarchive/Products/Applications/Zustain.app' '/var/folders/rt/mcqylb2n2h730dl6ml5wlql80000gn/T/XcodeDistPipeline.~~~wdW9jA/Root/Payload/Zustain.app'
2020-04-08 21:34:38 +0000  >>> Copying /Users/edwinlileo/Library/Developer/Xcode/Archives/2020-04-08/ClimateApp 2020-04-08, 23.34.xcarchive/Products/Applications/Zustain.app 
2020-04-08 21:34:38 +0000  copying file ./_CodeSignature/CodeResources ... 
2020-04-08 21:34:38 +0000  7537 bytes for ./_CodeSignature/CodeResources
2020-04-08 21:34:38 +0000  copying file ./Zustain ... 
2020-04-08 21:34:38 +0000  2164816 bytes for ./Zustain
2020-04-08 21:34:38 +0000  copying file ./AppIcon60x60@2x.png ... 
2327 bytes for ./AppIcon60x60@2x.png
2020-04-08 21:34:38 +0000  copying file ./Base.lproj/Main.storyboardc/dZY-gE-JiD-view-zmy-ko-Pwn.nib ... 
2020-04-08 21:34:38 +0000  10913 bytes for ./Base.lproj/Main.storyboardc/dZY-gE-JiD-view-zmy-ko-Pwn.nib
2020-04-08 21:34:38 +0000  copying file ./Base.lproj/Main.storyboardc/nQa-wy-AiC-view-oMT-b9-ZQv.nib ... 
2020-04-08 21:34:38 +0000  11581 bytes for ./Base.lproj/Main.storyboardc/nQa-wy-AiC-view-oMT-b9-ZQv.nib
2020-04-08 21:34:38 +0000  copying file ./Base.lproj/Main.storyboardc/xfJ-1S-HqN-view-mvl-yB-TMJ.nib ... 
2020-04-08 21:34:38 +0000  11751 bytes for ./Base.lproj/Main.storyboardc/xfJ-1S-HqN-view-mvl-yB-TMJ.nib
2020-04-08 21:34:38 +0000  copying file ./Base.lproj/Main.storyboardc/ProgramViewController.nib ... 
2020-04-08 21:34:38 +0000  1032 bytes for ./Base.lproj/Main.storyboardc/ProgramViewController.nib
2020-04-08 21:34:38 +0000  copying file ./Base.lproj/Main.storyboardc/UITabBarController-ilb-Qf-VPC.nib ... 
2020-04-08 21:34:38 +0000  3650 bytes for ./Base.lproj/Main.storyboardc/UITabBarController-ilb-Qf-VPC.nib
2020-04-08 21:34:38 +0000  copying file ./Base.lproj/Main.storyboardc/TaskWithStatisticsViewController.nib ... 
2020-04-08 21:34:38 +0000  1054 bytes for ./Base.lproj/Main.storyboardc/TaskWithStatisticsViewController.nib
2020-04-08 21:34:38 +0000  copying file ./Base.lproj/Main.storyboardc/TasksViewController.nib ... 
2020-04-08 21:34:38 +0000  1028 bytes for ./Base.lproj/Main.storyboardc/TasksViewController.nib
2020-04-08 21:34:38 +0000  copying file ./Base.lproj/Main.storyboardc/4Fr-Z6-nbL-view-hQ2-Lg-NNN.nib ... 
2020-04-08 21:34:38 +0000  17228 bytes for ./Base.lproj/Main.storyboardc/4Fr-Z6-nbL-view-hQ2-Lg-NNN.nib
2020-04-08 21:34:38 +0000  copying file ./Base.lproj/Main.storyboardc/Xne-4B-K8z-view-yr8-ev-WQn.nib ... 
2020-04-08 21:34:38 +0000  4713 bytes for ./Base.lproj/Main.storyboardc/Xne-4B-K8z-view-yr8-ev-WQn.nib
2020-04-08 21:34:38 +0000  copying file ./Base.lproj/Main.storyboardc/Info.plist ... 
2020-04-08 21:34:38 +0000  519 bytes for ./Base.lproj/Main.storyboardc/Info.plist
2020-04-08 21:34:38 +0000  copying file ./Base.lproj/Main.storyboardc/EnrollProgramViewController.nib ... 
2020-04-08 21:34:38 +0000  1044 bytes for ./Base.lproj/Main.storyboardc/EnrollProgramViewController.nib
2020-04-08 21:34:38 +0000  copying file ./Base.lproj/Main.storyboardc/ZCU-Yp-48u-view-uk1-BN-skg.nib ... 
2020-04-08 21:34:38 +0000  8121 bytes for ./Base.lproj/Main.storyboardc/ZCU-Yp-48u-view-uk1-BN-skg.nib
2020-04-08 21:34:38 +0000  copying file ./Base.lproj/LaunchScreen.storyboardc/01J-lp-oVM-view-Ze5-6b-2t3.nib ... 
2020-04-08 21:34:38 +0000  1197 bytes for ./Base.lproj/LaunchScreen.storyboardc/01J-lp-oVM-view-Ze5-6b-2t3.nib
2020-04-08 21:34:38 +0000  copying file ./Base.lproj/LaunchScreen.storyboardc/UIViewController-01J-lp-oVM.nib ... 
2020-04-08 21:34:38 +0000  896 bytes for ./Base.lproj/LaunchScreen.storyboardc/UIViewController-01J-lp-oVM.nib
2020-04-08 21:34:38 +0000  copying file ./Base.lproj/LaunchScreen.storyboardc/Info.plist ... 
2020-04-08 21:34:38 +0000  258 bytes for ./Base.lproj/LaunchScreen.storyboardc/Info.plist
2020-04-08 21:34:38 +0000  copying file ./Assets.car ... 
2020-04-08 21:34:38 +0000  451184 bytes for ./Assets.car
2020-04-08 21:34:38 +0000  copying file ./What's ecological food.mp4 ... 
2020-04-08 21:34:38 +0000  1822915 bytes for ./What's ecological food.mp4
2020-04-08 21:34:38 +0000  copying file ./Food CO2 Footprint - Xcode version.csv ... 
516 bytes for ./Food CO2 Footprint - Xcode version.csv
copying file ./embedded.mobileprovision ... 
2020-04-08 21:34:38 +0000  8266 bytes for ./embedded.mobileprovision
2020-04-08 21:34:38 +0000  copying file ./Info.plist ... 
2020-04-08 21:34:38 +0000  1583 bytes for ./Info.plist
2020-04-08 21:34:38 +0000  copying file ./PkgInfo ... 
2020-04-08 21:34:38 +0000  8 bytes for ./PkgInfo
2020-04-08 21:34:38 +0000  /usr/bin/ditto exited with 0
2020-04-08 21:34:38 +0000  Processing step: IDEDistributionEmbedProfileStep
2020-04-08 21:34:38 +0000  Processing step: IDEDistributionInfoPlistStep
2020-04-08 21:34:38 +0000  Skipping step: IDEDistributionInfoPlistStep because it said so
2020-04-08 21:34:38 +0000  Processing step: IDEDistributionItemRemovalStep
2020-04-08 21:34:38 +0000  Processing step: IDEDistributionAppThinningPlistStep
2020-04-08 21:34:38 +0000  Skipping step: IDEDistributionAppThinningPlistStep because it said so
2020-04-08 21:34:38 +0000  Processing step: IDEDistributionCompileBitcodeStep
2020-04-08 21:34:38 +0000  Skipping step: IDEDistributionCompileBitcodeStep because it said so
2020-04-08 21:34:38 +0000  Processing step: IDEDistributionCodeSlimmingStep
2020-04-08 21:34:38 +0000  Processing step: IDEDistributionCopyBCSymbolMapsStep
2020-04-08 21:34:38 +0000  Running /usr/bin/ditto '-V' '/Users/edwinlileo/Library/Developer/Xcode/Archives/2020-04-08/ClimateApp 2020-04-08, 23.34.xcarchive/BCSymbolMaps/3605FA58-BBA0-38D9-9F4B-6AFE74C9E599.bcsymbolmap' '/var/folders/rt/mcqylb2n2h730dl6ml5wlql80000gn/T/XcodeDistPipeline.~~~wdW9jA/Root/BCSymbolMaps/3605FA58-BBA0-38D9-9F4B-6AFE74C9E599.bcsymbolmap'
2020-04-08 21:34:38 +0000  >>> Copying /Users/edwinlileo/Library/Developer/Xcode/Archives/2020-04-08/ClimateApp 2020-04-08, 23.34.xcarchive/BCSymbolMaps/3605FA58-BBA0-38D9-9F4B-6AFE74C9E599.bcsymbolmap 
2020-04-08 21:34:38 +0000  copying file ./3605FA58-BBA0-38D9-9F4B-6AFE74C9E599.bcsymbolmap ... 
2020-04-08 21:34:38 +0000  233877 bytes for ./3605FA58-BBA0-38D9-9F4B-6AFE74C9E599.bcsymbolmap
2020-04-08 21:34:38 +0000  /usr/bin/ditto exited with 0
2020-04-08 21:34:38 +0000  Processing step: IDEDistributionSymbolsStep
2020-04-08 21:34:38 +0000  Excluding symbols for Zustain.app
2020-04-08 21:34:38 +0000  Processing step: IDEDistributionCopyAppleProvidedContentStep
2020-04-08 21:34:38 +0000  Processing step: IDEDistributionAppThinningStep
2020-04-08 21:34:38 +0000  Skipping step: IDEDistributionAppThinningStep because it said so
2020-04-08 21:34:38 +0000  Processing step: IDEDistributionArchThinningStep
2020-04-08 21:34:38 +0000  Running /Applications/Xcode.app/Contents/Developer/Toolchains/XcodeDefault.xctoolchain/usr/bin/lipo '/var/folders/rt/mcqylb2n2h730dl6ml5wlql80000gn/T/XcodeDistPipeline.~~~wdW9jA/Root/Payload/Zustain.app/Zustain' '-verify_arch' 'arm64e'
2020-04-08 21:34:38 +0000  /Applications/Xcode.app/Contents/Developer/Toolchains/XcodeDefault.xctoolchain/usr/bin/lipo exited with 1
2020-04-08 21:34:38 +0000  Skipping architecture thinning for item "Zustain" because arch "arm64e" wasn't found
2020-04-08 21:34:38 +0000  Processing step: IDEDistributionODRStep
2020-04-08 21:34:38 +0000  Processing step: IDEDistributionStripXattrsStep
2020-04-08 21:34:38 +0000  Running /usr/bin/xattr '-crs' '/var/folders/rt/mcqylb2n2h730dl6ml5wlql80000gn/T/XcodeDistPipeline.~~~wdW9jA/Root/Payload/Zustain.app'
2020-04-08 21:34:38 +0000  /usr/bin/xattr exited with 0
2020-04-08 21:34:38 +0000  Processing step: IDEDistributionCodesignStep
2020-04-08 21:34:38 +0000  Entitlements for <IDEDistributionItem: 0x7f8ef03731c0; bundleID='edwinlileo.ClimateApp', path='<DVTFilePath:0x7f8eefe64790:'/Users/edwinlileo/Library/Developer/Xcode/Archives/2020-04-08/ClimateApp 2020-04-08, 23.34.xcarchive/Products/Applications/Zustain.app'>', codeSigningInfo='<_DVTCodeSigningInformation_Path: 0x7f8ed8c19ff0; isSigned='1', isAdHocSigned='0', signingCertificate='<DVTSigningCertificate: 0x7f8ef16ae340; name='Apple Development: Sonia Lileo (7593Z55ZUF)', hash='96825EAB609F44640B9DAFA3DF742715AC6D5976', serialNumber='23E6EFE9AD74EF02', certificateKinds='(
    "1.2.840.113635.100.6.1.12",
    "1.2.840.113635.100.6.1.2"
), issueDate='2020-03-14 09:10:05 +0000''>', entitlements='{
    "application-identifier" = "2H26M947Q7.edwinlileo.ClimateApp";
    "aps-environment" = development;
    "com.apple.developer.icloud-container-identifiers" =     (
        "iCloud.edwinlileo.ClimateApp"
    );
    "com.apple.developer.icloud-services" =     (
        CloudKit
    );
    "com.apple.developer.team-identifier" = 2H26M947Q7;
    "get-task-allow" = 1;
}', teamID='2H26M947Q7', identifier='edwinlileo.ClimateApp', executablePath='<DVTFilePath:0x7f8ef045ebb0:'/Users/edwinlileo/Library/Developer/Xcode/Archives/2020-04-08/ClimateApp 2020-04-08, 23.34.xcarchive/Products/Applications/Zustain.app/Zustain'>', hardenedRuntime='0'>'>: {
    "application-identifier" = "2H26M947Q7.edwinlileo.ClimateApp";
    "aps-environment" = production;
    "beta-reports-active" = 1;
    "com.apple.developer.icloud-container-environment" = Production;
    "com.apple.developer.icloud-container-identifiers" =     (
        "iCloud.edwinlileo.ClimateApp"
    );
    "com.apple.developer.icloud-services" =     (
        CloudKit
    );
    "com.apple.developer.team-identifier" = 2H26M947Q7;
    "get-task-allow" = 0;
}
2020-04-08 21:34:38 +0000  Writing entitlements for <IDEDistributionItem: 0x7f8ef03731c0; bundleID='edwinlileo.ClimateApp', path='<DVTFilePath:0x7f8eefe64790:'/Users/edwinlileo/Library/Developer/Xcode/Archives/2020-04-08/ClimateApp 2020-04-08, 23.34.xcarchive/Products/Applications/Zustain.app'>', codeSigningInfo='<_DVTCodeSigningInformation_Path: 0x7f8ed8c19ff0; isSigned='1', isAdHocSigned='0', signingCertificate='<DVTSigningCertificate: 0x7f8ed89c29f0; name='Apple Development: Sonia Lileo (7593Z55ZUF)', hash='96825EAB609F44640B9DAFA3DF742715AC6D5976', serialNumber='23E6EFE9AD74EF02', certificateKinds='(
    "1.2.840.113635.100.6.1.12",
    "1.2.840.113635.100.6.1.2"
), issueDate='2020-03-14 09:10:05 +0000''>', entitlements='{
    "application-identifier" = "2H26M947Q7.edwinlileo.ClimateApp";
    "aps-environment" = development;
    "com.apple.developer.icloud-container-identifiers" =     (
        "iCloud.edwinlileo.ClimateApp"
    );
    "com.apple.developer.icloud-services" =     (
        CloudKit
    );
    "com.apple.developer.team-identifier" = 2H26M947Q7;
    "get-task-allow" = 1;
}', teamID='2H26M947Q7', identifier='edwinlileo.ClimateApp', executablePath='<DVTFilePath:0x7f8ef045ebb0:'/Users/edwinlileo/Library/Developer/Xcode/Archives/2020-04-08/ClimateApp 2020-04-08, 23.34.xcarchive/Products/Applications/Zustain.app/Zustain'>', hardenedRuntime='0'>'> to: /var/folders/rt/mcqylb2n2h730dl6ml5wlql80000gn/T/XcodeDistPipeline.~~~wdW9jA/entitlements~~~37uEHO
2020-04-08 21:34:38 +0000  Running /usr/bin/codesign '-vvv' '--force' '--sign' 'E1ABE5E8F1F00C7CC406C1273AA62F0791B4E21B' '--entitlements' '/var/folders/rt/mcqylb2n2h730dl6ml5wlql80000gn/T/XcodeDistPipeline.~~~wdW9jA/entitlements~~~37uEHO' '--preserve-metadata=identifier,flags,runtime' '/var/folders/rt/mcqylb2n2h730dl6ml5wlql80000gn/T/XcodeDistPipeline.~~~wdW9jA/Root/Payload/Zustain.app'
2020-04-08 21:34:43 +0000  /var/folders/rt/mcqylb2n2h730dl6ml5wlql80000gn/T/XcodeDistPipeline.~~~wdW9jA/Root/Payload/Zustain.app: signed app bundle with Mach-O thin (arm64) [edwinlileo.ClimateApp]
2020-04-08 21:34:43 +0000  /usr/bin/codesign exited with 0
2020-04-08 21:34:43 +0000  Processing step: IDEDistributionZipODRItemStep
2020-04-08 21:34:43 +0000  Skipping step: IDEDistributionZipODRItemStep because it said so
2020-04-08 21:34:43 +0000  Processing step: IDEDistributionCreateIPAStep
2020-04-08 21:34:43 +0000  Running /usr/bin/ditto '-V' '-c' '-k' '--norsrc' '/var/folders/rt/mcqylb2n2h730dl6ml5wlql80000gn/T/XcodeDistPipeline.~~~wdW9jA/Root' '/var/folders/rt/mcqylb2n2h730dl6ml5wlql80000gn/T/XcodeDistPipeline.~~~wdW9jA/Packages/ClimateApp.ipa'
2020-04-08 21:34:43 +0000  >>> Copying /var/folders/rt/mcqylb2n2h730dl6ml5wlql80000gn/T/XcodeDistPipeline.~~~wdW9jA/Root 
2020-04-08 21:34:43 +0000  copying file ./BCSymbolMaps/3605FA58-BBA0-38D9-9F4B-6AFE74C9E599.bcsymbolmap ... 
2020-04-08 21:34:43 +0000  233877 bytes for ./BCSymbolMaps/3605FA58-BBA0-38D9-9F4B-6AFE74C9E599.bcsymbolmap
2020-04-08 21:34:43 +0000  copying file ./Payload/Zustain.app/_CodeSignature/CodeResources ... 
2020-04-08 21:34:43 +0000  7537 bytes for ./Payload/Zustain.app/_CodeSignature/CodeResources
2020-04-08 21:34:43 +0000  copying file ./Payload/Zustain.app/Zustain ... 
2020-04-08 21:34:43 +0000  1799936 bytes for ./Payload/Zustain.app/Zustain
2020-04-08 21:34:43 +0000  copying file ./Payload/Zustain.app/AppIcon60x60@2x.png ... 
2020-04-08 21:34:43 +0000  2327 bytes for ./Payload/Zustain.app/AppIcon60x60@2x.png
2020-04-08 21:34:43 +0000  copying file ./Payload/Zustain.app/Base.lproj/Main.storyboardc/dZY-gE-JiD-view-zmy-ko-Pwn.nib ... 
2020-04-08 21:34:43 +0000  10913 bytes for ./Payload/Zustain.app/Base.lproj/Main.storyboardc/dZY-gE-JiD-view-zmy-ko-Pwn.nib
2020-04-08 21:34:43 +0000  copying file ./Payload/Zustain.app/Base.lproj/Main.storyboardc/nQa-wy-AiC-view-oMT-b9-ZQv.nib ... 
2020-04-08 21:34:43 +0000  11581 bytes for ./Payload/Zustain.app/Base.lproj/Main.storyboardc/nQa-wy-AiC-view-oMT-b9-ZQv.nib
2020-04-08 21:34:43 +0000  copying file ./Payload/Zustain.app/Base.lproj/Main.storyboardc/xfJ-1S-HqN-view-mvl-yB-TMJ.nib ... 
2020-04-08 21:34:43 +0000  11751 bytes for ./Payload/Zustain.app/Base.lproj/Main.storyboardc/xfJ-1S-HqN-view-mvl-yB-TMJ.nib
2020-04-08 21:34:43 +0000  copying file ./Payload/Zustain.app/Base.lproj/Main.storyboardc/ProgramViewController.nib ... 
2020-04-08 21:34:43 +0000  1032 bytes for ./Payload/Zustain.app/Base.lproj/Main.storyboardc/ProgramViewController.nib
copying file ./Payload/Zustain.app/Base.lproj/Main.storyboardc/UITabBarController-ilb-Qf-VPC.nib ... 
2020-04-08 21:34:43 +0000  3650 bytes for ./Payload/Zustain.app/Base.lproj/Main.storyboardc/UITabBarController-ilb-Qf-VPC.nib
2020-04-08 21:34:43 +0000  copying file ./Payload/Zustain.app/Base.lproj/Main.storyboardc/TaskWithStatisticsViewController.nib ... 
2020-04-08 21:34:43 +0000  1054 bytes for ./Payload/Zustain.app/Base.lproj/Main.storyboardc/TaskWithStatisticsViewController.nib
copying file ./Payload/Zustain.app/Base.lproj/Main.storyboardc/TasksViewController.nib ... 
2020-04-08 21:34:43 +0000  1028 bytes for ./Payload/Zustain.app/Base.lproj/Main.storyboardc/TasksViewController.nib
copying file ./Payload/Zustain.app/Base.lproj/Main.storyboardc/4Fr-Z6-nbL-view-hQ2-Lg-NNN.nib ... 
2020-04-08 21:34:43 +0000  17228 bytes for ./Payload/Zustain.app/Base.lproj/Main.storyboardc/4Fr-Z6-nbL-view-hQ2-Lg-NNN.nib
2020-04-08 21:34:43 +0000  copying file ./Payload/Zustain.app/Base.lproj/Main.storyboardc/Xne-4B-K8z-view-yr8-ev-WQn.nib ... 
2020-04-08 21:34:43 +0000  4713 bytes for ./Payload/Zustain.app/Base.lproj/Main.storyboardc/Xne-4B-K8z-view-yr8-ev-WQn.nib
2020-04-08 21:34:43 +0000  copying file ./Payload/Zustain.app/Base.lproj/Main.storyboardc/Info.plist ... 
2020-04-08 21:34:43 +0000  519 bytes for ./Payload/Zustain.app/Base.lproj/Main.storyboardc/Info.plist
copying file ./Payload/Zustain.app/Base.lproj/Main.storyboardc/EnrollProgramViewController.nib ... 
2020-04-08 21:34:43 +0000  1044 bytes for ./Payload/Zustain.app/Base.lproj/Main.storyboardc/EnrollProgramViewController.nib
2020-04-08 21:34:43 +0000  copying file ./Payload/Zustain.app/Base.lproj/Main.storyboardc/ZCU-Yp-48u-view-uk1-BN-skg.nib ... 
2020-04-08 21:34:43 +0000  8121 bytes for ./Payload/Zustain.app/Base.lproj/Main.storyboardc/ZCU-Yp-48u-view-uk1-BN-skg.nib
2020-04-08 21:34:43 +0000  copying file ./Payload/Zustain.app/Base.lproj/LaunchScreen.storyboardc/01J-lp-oVM-view-Ze5-6b-2t3.nib ... 
2020-04-08 21:34:43 +0000  1197 bytes for ./Payload/Zustain.app/Base.lproj/LaunchScreen.storyboardc/01J-lp-oVM-view-Ze5-6b-2t3.nib
2020-04-08 21:34:43 +0000  copying file ./Payload/Zustain.app/Base.lproj/LaunchScreen.storyboardc/UIViewController-01J-lp-oVM.nib ... 
2020-04-08 21:34:43 +0000  896 bytes for ./Payload/Zustain.app/Base.lproj/LaunchScreen.storyboardc/UIViewController-01J-lp-oVM.nib
2020-04-08 21:34:43 +0000  copying file ./Payload/Zustain.app/Base.lproj/LaunchScreen.storyboardc/Info.plist ... 
2020-04-08 21:34:43 +0000  258 bytes for ./Payload/Zustain.app/Base.lproj/LaunchScreen.storyboardc/Info.plist
2020-04-08 21:34:43 +0000  copying file ./Payload/Zustain.app/Assets.car ... 
2020-04-08 21:34:43 +0000  451184 bytes for ./Payload/Zustain.app/Assets.car
2020-04-08 21:34:43 +0000  copying file ./Payload/Zustain.app/What's ecological food.mp4 ... 
2020-04-08 21:34:43 +0000  1822915 bytes for ./Payload/Zustain.app/What's ecological food.mp4
2020-04-08 21:34:43 +0000  copying file ./Payload/Zustain.app/Food CO2 Footprint - Xcode version.csv ... 
516 bytes for ./Payload/Zustain.app/Food CO2 Footprint - Xcode version.csv
2020-04-08 21:34:43 +0000  copying file ./Payload/Zustain.app/embedded.mobileprovision ... 
2020-04-08 21:34:43 +0000  8205 bytes for ./Payload/Zustain.app/embedded.mobileprovision
2020-04-08 21:34:43 +0000  copying file ./Payload/Zustain.app/Info.plist ... 
2020-04-08 21:34:43 +0000  1583 bytes for ./Payload/Zustain.app/Info.plist
copying file ./Payload/Zustain.app/PkgInfo ... 
8 bytes for ./Payload/Zustain.app/PkgInfo
2020-04-08 21:34:43 +0000  /usr/bin/ditto exited with 0
2020-04-08 21:34:43 +0000  Processing step: IDEDistributionAppStoreInformationStep
2020-04-08 21:34:43 +0000  Skipping step: IDEDistributionAppStoreInformationStep because it said so
2020-04-08 21:34:43 +0000  Processing step: IDEDistributionGenerateProcessedDistributionItems
2020-04-08 21:34:43 +0000  Processing step: IDEDistributionCreateManifestStep
2020-04-08 21:34:43 +0000  Skipping step: IDEDistributionCreateManifestStep because it said so
